<?xml version="1.0" encoding="UTF-8"?>
<testsuite name="com.phonebook.AddContactTests" tests="8" skipped="0" failures="0" errors="0" timestamp="2025-07-04T10:44:43" hostname="DESKTOP-ECF2EJG" time="84.458">
  <properties/>
  <testcase name="addContactPositiveFromDataProviderTest[0](Olya, Kan, 0123456789, kan@gmail.com, Berlin, QA)" classname="com.phonebook.AddContactTests" time="2.166"/>
  <testcase name="addContactPositiveFromDataProviderTest[1](Olya, Kan, 01234567891, kan@gmail.com, Berlin, QA)" classname="com.phonebook.AddContactTests" time="1.419"/>
  <testcase name="addContactPositiveFromDataProviderTest[2](Olya, Kan, 0123456789111, kan@gmail.com, Berlin, QA)" classname="com.phonebook.AddContactTests" time="1.362"/>
  <testcase name="addContactPositiveFromDataProviderWithCsvFileTest[0](Contact{name='Oliver', phone='1234567890'})" classname="com.phonebook.AddContactTests" time="1.345"/>
  <testcase name="addContactPositiveFromDataProviderWithCsvFileTest[1](Contact{name='Tomash', phone='12345678911'})" classname="com.phonebook.AddContactTests" time="1.284"/>
  <testcase name="addContactPositiveFromDataProviderWithCsvFileTest[2](Contact{name='Oleynick', phone='123456789123'})" classname="com.phonebook.AddContactTests" time="1.201"/>
  <testcase name="addContactPositiveFromDataProviderWithCsvFileTest[3](Contact{name='Oleynick', phone='1234567891234'})" classname="com.phonebook.AddContactTests" time="1.195"/>
  <testcase name="addContactPositiveTest" classname="com.phonebook.AddContactTests" time="1.215"/>
  <system-out><![CDATA[12:44:43.180 [Test worker] INFO  com.phonebook.TestBase -- Start testaddContactPositiveFromDataProviderTest[Olya, Kan, 0123456789, kan@gmail.com, Berlin, QA]
12:44:43.182 [Test worker] INFO  com.phonebook.utils.MyListener -- Before Find ElementsBy.cssSelector: [href='/login']
12:44:43.182 [Test worker] INFO  com.phonebook.utils.MyListener -- ***************************************************************
12:44:43.214 [Test worker] INFO  com.phonebook.utils.MyListener -- List size is1
12:44:43.214 [Test worker] INFO  com.phonebook.utils.MyListener -- ***************************************************************
12:44:43.215 [Test worker] INFO  com.phonebook.utils.MyListener -- The locator will findBy.cssSelector: [href='/login']
12:44:43.215 [Test worker] INFO  com.phonebook.utils.MyListener -- ***************************************************************
12:44:43.235 [Test worker] INFO  com.phonebook.utils.MyListener -- The locator isBy.cssSelector: [href='/login']
12:44:43.236 [Test worker] INFO  com.phonebook.utils.MyListener -- ***************************************************************
12:44:43.310 [Test worker] INFO  com.phonebook.utils.MyListener -- The locator will findBy.name: email
12:44:43.310 [Test worker] INFO  com.phonebook.utils.MyListener -- ***************************************************************
12:44:43.333 [Test worker] INFO  com.phonebook.utils.MyListener -- The locator isBy.name: email
12:44:43.333 [Test worker] INFO  com.phonebook.utils.MyListener -- ***************************************************************
12:44:43.378 [Test worker] INFO  com.phonebook.utils.MyListener -- The locator will findBy.name: email
12:44:43.378 [Test worker] INFO  com.phonebook.utils.MyListener -- ***************************************************************
12:44:43.396 [Test worker] INFO  com.phonebook.utils.MyListener -- The locator isBy.name: email
12:44:43.397 [Test worker] INFO  com.phonebook.utils.MyListener -- ***************************************************************
12:44:43.423 [Test worker] INFO  com.phonebook.utils.MyListener -- The locator will findBy.name: email
12:44:43.423 [Test worker] INFO  com.phonebook.utils.MyListener -- ***************************************************************
12:44:43.441 [Test worker] INFO  com.phonebook.utils.MyListener -- The locator isBy.name: email
12:44:43.441 [Test worker] INFO  com.phonebook.utils.MyListener -- ***************************************************************
12:44:43.474 [Test worker] INFO  com.phonebook.utils.MyListener -- The locator will findBy.name: password
12:44:43.475 [Test worker] INFO  com.phonebook.utils.MyListener -- ***************************************************************
12:44:43.489 [Test worker] INFO  com.phonebook.utils.MyListener -- The locator isBy.name: password
12:44:43.489 [Test worker] INFO  com.phonebook.utils.MyListener -- ***************************************************************
12:44:43.538 [Test worker] INFO  com.phonebook.utils.MyListener -- The locator will findBy.name: password
12:44:43.539 [Test worker] INFO  com.phonebook.utils.MyListener -- ***************************************************************
12:44:43.551 [Test worker] INFO  com.phonebook.utils.MyListener -- The locator isBy.name: password
12:44:43.552 [Test worker] INFO  com.phonebook.utils.MyListener -- ***************************************************************
12:44:43.566 [Test worker] INFO  com.phonebook.utils.MyListener -- The locator will findBy.name: password
12:44:43.567 [Test worker] INFO  com.phonebook.utils.MyListener -- ***************************************************************
12:44:43.580 [Test worker] INFO  com.phonebook.utils.MyListener -- The locator isBy.name: password
12:44:43.580 [Test worker] INFO  com.phonebook.utils.MyListener -- ***************************************************************
12:44:43.603 [Test worker] INFO  com.phonebook.utils.MyListener -- The locator will findBy.name: login
12:44:43.604 [Test worker] INFO  com.phonebook.utils.MyListener -- ***************************************************************
12:44:43.617 [Test worker] INFO  com.phonebook.utils.MyListener -- The locator isBy.name: login
12:44:43.617 [Test worker] INFO  com.phonebook.utils.MyListener -- ***************************************************************
12:44:43.653 [Test worker] INFO  com.phonebook.utils.MyListener -- The locator will findBy.cssSelector: [href='/add']
12:44:43.654 [Test worker] INFO  com.phonebook.utils.MyListener -- ***************************************************************
12:44:44.360 [Test worker] INFO  com.phonebook.utils.MyListener -- The locator isBy.cssSelector: [href='/add']
12:44:44.360 [Test worker] INFO  com.phonebook.utils.MyListener -- ***************************************************************
12:44:44.423 [Test worker] INFO  com.phonebook.utils.MyListener -- The locator will findBy.cssSelector: input:nth-child(1)
12:44:44.423 [Test worker] INFO  com.phonebook.utils.MyListener -- ***************************************************************
12:44:44.439 [Test worker] INFO  com.phonebook.utils.MyListener -- The locator isBy.cssSelector: input:nth-child(1)
12:44:44.439 [Test worker] INFO  com.phonebook.utils.MyListener -- ***************************************************************
12:44:44.495 [Test worker] INFO  com.phonebook.utils.MyListener -- The locator will findBy.cssSelector: input:nth-child(1)
12:44:44.495 [Test worker] INFO  com.phonebook.utils.MyListener -- ***************************************************************
12:44:44.512 [Test worker] INFO  com.phonebook.utils.MyListener -- The locator isBy.cssSelector: input:nth-child(1)
12:44:44.512 [Test worker] INFO  com.phonebook.utils.MyListener -- ***************************************************************
12:44:44.541 [Test worker] INFO  com.phonebook.utils.MyListener -- The locator will findBy.cssSelector: input:nth-child(1)
12:44:44.542 [Test worker] INFO  com.phonebook.utils.MyListener -- ***************************************************************
12:44:44.558 [Test worker] INFO  com.phonebook.utils.MyListener -- The locator isBy.cssSelector: input:nth-child(1)
12:44:44.559 [Test worker] INFO  com.phonebook.utils.MyListener -- ***************************************************************
12:44:44.584 [Test worker] INFO  com.phonebook.utils.MyListener -- The locator will findBy.cssSelector: input:nth-child(2)
12:44:44.584 [Test worker] INFO  com.phonebook.utils.MyListener -- ***************************************************************
12:44:44.601 [Test worker] INFO  com.phonebook.utils.MyListener -- The locator isBy.cssSelector: input:nth-child(2)
12:44:44.601 [Test worker] INFO  com.phonebook.utils.MyListener -- ***************************************************************
12:44:44.642 [Test worker] INFO  com.phonebook.utils.MyListener -- The locator will findBy.cssSelector: input:nth-child(2)
12:44:44.642 [Test worker] INFO  com.phonebook.utils.MyListener -- ***************************************************************
12:44:44.654 [Test worker] INFO  com.phonebook.utils.MyListener -- The locator isBy.cssSelector: input:nth-child(2)
12:44:44.654 [Test worker] INFO  com.phonebook.utils.MyListener -- ***************************************************************
12:44:44.667 [Test worker] INFO  com.phonebook.utils.MyListener -- The locator will findBy.cssSelector: input:nth-child(2)
12:44:44.668 [Test worker] INFO  com.phonebook.utils.MyListener -- ***************************************************************
12:44:44.681 [Test worker] INFO  com.phonebook.utils.MyListener -- The locator isBy.cssSelector: input:nth-child(2)
12:44:44.681 [Test worker] INFO  com.phonebook.utils.MyListener -- ***************************************************************
12:44:44.700 [Test worker] INFO  com.phonebook.utils.MyListener -- The locator will findBy.cssSelector: input:nth-child(3)
12:44:44.700 [Test worker] INFO  com.phonebook.utils.MyListener -- ***************************************************************
12:44:44.716 [Test worker] INFO  com.phonebook.utils.MyListener -- The locator isBy.cssSelector: input:nth-child(3)
12:44:44.717 [Test worker] INFO  com.phonebook.utils.MyListener -- ***************************************************************
12:44:44.756 [Test worker] INFO  com.phonebook.utils.MyListener -- The locator will findBy.cssSelector: input:nth-child(3)
12:44:44.756 [Test worker] INFO  com.phonebook.utils.MyListener -- ***************************************************************
12:44:44.771 [Test worker] INFO  com.phonebook.utils.MyListener -- The locator isBy.cssSelector: input:nth-child(3)
12:44:44.773 [Test worker] INFO  com.phonebook.utils.MyListener -- ***************************************************************
12:44:44.790 [Test worker] INFO  com.phonebook.utils.MyListener -- The locator will findBy.cssSelector: input:nth-child(3)
12:44:44.791 [Test worker] INFO  com.phonebook.utils.MyListener -- ***************************************************************
12:44:44.802 [Test worker] INFO  com.phonebook.utils.MyListener -- The locator isBy.cssSelector: input:nth-child(3)
12:44:44.802 [Test worker] INFO  com.phonebook.utils.MyListener -- ***************************************************************
12:44:44.826 [Test worker] INFO  com.phonebook.utils.MyListener -- The locator will findBy.cssSelector: input:nth-child(4)
12:44:44.826 [Test worker] INFO  com.phonebook.utils.MyListener -- ***************************************************************
12:44:44.839 [Test worker] INFO  com.phonebook.utils.MyListener -- The locator isBy.cssSelector: input:nth-child(4)
12:44:44.839 [Test worker] INFO  com.phonebook.utils.MyListener -- ***************************************************************
12:44:44.876 [Test worker] INFO  com.phonebook.utils.MyListener -- The locator will findBy.cssSelector: input:nth-child(4)
12:44:44.876 [Test worker] INFO  com.phonebook.utils.MyListener -- ***************************************************************
12:44:44.887 [Test worker] INFO  com.phonebook.utils.MyListener -- The locator isBy.cssSelector: input:nth-child(4)
12:44:44.887 [Test worker] INFO  com.phonebook.utils.MyListener -- ***************************************************************
12:44:44.904 [Test worker] INFO  com.phonebook.utils.MyListener -- The locator will findBy.cssSelector: input:nth-child(4)
12:44:44.905 [Test worker] INFO  com.phonebook.utils.MyListener -- ***************************************************************
12:44:44.916 [Test worker] INFO  com.phonebook.utils.MyListener -- The locator isBy.cssSelector: input:nth-child(4)
12:44:44.916 [Test worker] INFO  com.phonebook.utils.MyListener -- ***************************************************************
12:44:44.944 [Test worker] INFO  com.phonebook.utils.MyListener -- The locator will findBy.cssSelector: input:nth-child(5)
12:44:44.944 [Test worker] INFO  com.phonebook.utils.MyListener -- ***************************************************************
12:44:44.956 [Test worker] INFO  com.phonebook.utils.MyListener -- The locator isBy.cssSelector: input:nth-child(5)
12:44:44.957 [Test worker] INFO  com.phonebook.utils.MyListener -- ***************************************************************
12:44:44.987 [Test worker] INFO  com.phonebook.utils.MyListener -- The locator will findBy.cssSelector: input:nth-child(5)
12:44:44.987 [Test worker] INFO  com.phonebook.utils.MyListener -- ***************************************************************
12:44:44.996 [Test worker] INFO  com.phonebook.utils.MyListener -- The locator isBy.cssSelector: input:nth-child(5)
12:44:44.996 [Test worker] INFO  com.phonebook.utils.MyListener -- ***************************************************************
12:44:45.014 [Test worker] INFO  com.phonebook.utils.MyListener -- The locator will findBy.cssSelector: input:nth-child(5)
12:44:45.014 [Test worker] INFO  com.phonebook.utils.MyListener -- ***************************************************************
12:44:45.025 [Test worker] INFO  com.phonebook.utils.MyListener -- The locator isBy.cssSelector: input:nth-child(5)
12:44:45.025 [Test worker] INFO  com.phonebook.utils.MyListener -- ***************************************************************
12:44:45.048 [Test worker] INFO  com.phonebook.utils.MyListener -- The locator will findBy.cssSelector: input:nth-child(6)
12:44:45.049 [Test worker] INFO  com.phonebook.utils.MyListener -- ***************************************************************
12:44:45.061 [Test worker] INFO  com.phonebook.utils.MyListener -- The locator isBy.cssSelector: input:nth-child(6)
12:44:45.061 [Test worker] INFO  com.phonebook.utils.MyListener -- ***************************************************************
12:44:45.097 [Test worker] INFO  com.phonebook.utils.MyListener -- The locator will findBy.cssSelector: input:nth-child(6)
12:44:45.098 [Test worker] INFO  com.phonebook.utils.MyListener -- ***************************************************************
12:44:45.107 [Test worker] INFO  com.phonebook.utils.MyListener -- The locator isBy.cssSelector: input:nth-child(6)
12:44:45.108 [Test worker] INFO  com.phonebook.utils.MyListener -- ***************************************************************
12:44:45.124 [Test worker] INFO  com.phonebook.utils.MyListener -- The locator will findBy.cssSelector: input:nth-child(6)
12:44:45.124 [Test worker] INFO  com.phonebook.utils.MyListener -- ***************************************************************
12:44:45.133 [Test worker] INFO  com.phonebook.utils.MyListener -- The locator isBy.cssSelector: input:nth-child(6)
12:44:45.133 [Test worker] INFO  com.phonebook.utils.MyListener -- ***************************************************************
12:44:45.148 [Test worker] INFO  com.phonebook.utils.MyListener -- The locator will findBy.cssSelector: .add_form__2rsm2 button
12:44:45.148 [Test worker] INFO  com.phonebook.utils.MyListener -- ***************************************************************
12:44:45.160 [Test worker] INFO  com.phonebook.utils.MyListener -- The locator isBy.cssSelector: .add_form__2rsm2 button
12:44:45.160 [Test worker] INFO  com.phonebook.utils.MyListener -- ***************************************************************
12:44:45.192 [Test worker] INFO  com.phonebook.utils.MyListener -- Before Find ElementsBy.cssSelector: h2
12:44:45.192 [Test worker] INFO  com.phonebook.utils.MyListener -- ***************************************************************
12:44:45.762 [Test worker] INFO  com.phonebook.utils.MyListener -- List size is24
12:44:45.762 [Test worker] INFO  com.phonebook.utils.MyListener -- ***************************************************************
12:44:45.821 [Test worker] INFO  com.phonebook.utils.MyListener -- The locator will findBy.cssSelector: .contact-item_card__2SOIM
12:44:45.821 [Test worker] INFO  com.phonebook.utils.MyListener -- ***************************************************************
12:44:45.834 [Test worker] INFO  com.phonebook.utils.MyListener -- The locator isBy.cssSelector: .contact-item_card__2SOIM
12:44:45.835 [Test worker] INFO  com.phonebook.utils.MyListener -- ***************************************************************
12:44:45.870 [Test worker] INFO  com.phonebook.utils.MyListener -- The locator will findBy.xpath: //button[.='Remove']
12:44:45.871 [Test worker] INFO  com.phonebook.utils.MyListener -- ***************************************************************
12:44:45.885 [Test worker] INFO  com.phonebook.utils.MyListener -- The locator isBy.xpath: //button[.='Remove']
12:44:45.885 [Test worker] INFO  com.phonebook.utils.MyListener -- ***************************************************************
12:44:45.921 [Test worker] INFO  com.phonebook.TestBase -- PASSED:addContactPositiveFromDataProviderTest
12:44:45.921 [Test worker] INFO  com.phonebook.TestBase -- Stop test
12:44:45.921 [Test worker] INFO  com.phonebook.TestBase -- ======================================================
12:44:45.922 [Test worker] INFO  com.phonebook.TestBase -- Start testaddContactPositiveFromDataProviderTest[Olya, Kan, 01234567891, kan@gmail.com, Berlin, QA]
12:44:45.923 [Test worker] INFO  com.phonebook.utils.MyListener -- Before Find ElementsBy.cssSelector: [href='/login']
12:44:45.923 [Test worker] INFO  com.phonebook.utils.MyListener -- ***************************************************************
12:44:55.974 [Test worker] INFO  com.phonebook.utils.MyListener -- List size is0
12:44:55.974 [Test worker] INFO  com.phonebook.utils.MyListener -- ***************************************************************
12:44:55.974 [Test worker] INFO  com.phonebook.utils.MyListener -- The locator will findBy.xpath: //button[.='Sign Out']
12:44:55.974 [Test worker] INFO  com.phonebook.utils.MyListener -- ***************************************************************
12:44:55.993 [Test worker] INFO  com.phonebook.utils.MyListener -- The locator isBy.xpath: //button[.='Sign Out']
12:44:55.993 [Test worker] INFO  com.phonebook.utils.MyListener -- ***************************************************************
12:44:56.043 [Test worker] INFO  com.phonebook.utils.MyListener -- The locator will findBy.cssSelector: [href='/login']
12:44:56.043 [Test worker] INFO  com.phonebook.utils.MyListener -- ***************************************************************
12:44:56.055 [Test worker] INFO  com.phonebook.utils.MyListener -- The locator isBy.cssSelector: [href='/login']
12:44:56.056 [Test worker] INFO  com.phonebook.utils.MyListener -- ***************************************************************
12:44:56.090 [Test worker] INFO  com.phonebook.utils.MyListener -- The locator will findBy.name: email
12:44:56.090 [Test worker] INFO  com.phonebook.utils.MyListener -- ***************************************************************
12:44:56.099 [Test worker] INFO  com.phonebook.utils.MyListener -- The locator isBy.name: email
12:44:56.099 [Test worker] INFO  com.phonebook.utils.MyListener -- ***************************************************************
12:44:56.132 [Test worker] INFO  com.phonebook.utils.MyListener -- The locator will findBy.name: email
12:44:56.132 [Test worker] INFO  com.phonebook.utils.MyListener -- ***************************************************************
12:44:56.147 [Test worker] INFO  com.phonebook.utils.MyListener -- The locator isBy.name: email
12:44:56.147 [Test worker] INFO  com.phonebook.utils.MyListener -- ***************************************************************
12:44:56.164 [Test worker] INFO  com.phonebook.utils.MyListener -- The locator will findBy.name: email
12:44:56.164 [Test worker] INFO  com.phonebook.utils.MyListener -- ***************************************************************
12:44:56.174 [Test worker] INFO  com.phonebook.utils.MyListener -- The locator isBy.name: email
12:44:56.174 [Test worker] INFO  com.phonebook.utils.MyListener -- ***************************************************************
12:44:56.203 [Test worker] INFO  com.phonebook.utils.MyListener -- The locator will findBy.name: password
12:44:56.203 [Test worker] INFO  com.phonebook.utils.MyListener -- ***************************************************************
12:44:56.215 [Test worker] INFO  com.phonebook.utils.MyListener -- The locator isBy.name: password
12:44:56.215 [Test worker] INFO  com.phonebook.utils.MyListener -- ***************************************************************
12:44:56.252 [Test worker] INFO  com.phonebook.utils.MyListener -- The locator will findBy.name: password
12:44:56.253 [Test worker] INFO  com.phonebook.utils.MyListener -- ***************************************************************
12:44:56.264 [Test worker] INFO  com.phonebook.utils.MyListener -- The locator isBy.name: password
12:44:56.265 [Test worker] INFO  com.phonebook.utils.MyListener -- ***************************************************************
12:44:56.279 [Test worker] INFO  com.phonebook.utils.MyListener -- The locator will findBy.name: password
12:44:56.279 [Test worker] INFO  com.phonebook.utils.MyListener -- ***************************************************************
12:44:56.289 [Test worker] INFO  com.phonebook.utils.MyListener -- The locator isBy.name: password
12:44:56.289 [Test worker] INFO  com.phonebook.utils.MyListener -- ***************************************************************
12:44:56.306 [Test worker] INFO  com.phonebook.utils.MyListener -- The locator will findBy.name: login
12:44:56.306 [Test worker] INFO  com.phonebook.utils.MyListener -- ***************************************************************
12:44:56.316 [Test worker] INFO  com.phonebook.utils.MyListener -- The locator isBy.name: login
12:44:56.317 [Test worker] INFO  com.phonebook.utils.MyListener -- ***************************************************************
12:44:56.344 [Test worker] INFO  com.phonebook.utils.MyListener -- The locator will findBy.cssSelector: [href='/add']
12:44:56.344 [Test worker] INFO  com.phonebook.utils.MyListener -- ***************************************************************
12:44:56.608 [Test worker] INFO  com.phonebook.utils.MyListener -- The locator isBy.cssSelector: [href='/add']
12:44:56.608 [Test worker] INFO  com.phonebook.utils.MyListener -- ***************************************************************
12:44:56.644 [Test worker] INFO  com.phonebook.utils.MyListener -- The locator will findBy.cssSelector: input:nth-child(1)
12:44:56.646 [Test worker] INFO  com.phonebook.utils.MyListener -- ***************************************************************
12:44:56.660 [Test worker] INFO  com.phonebook.utils.MyListener -- The locator isBy.cssSelector: input:nth-child(1)
12:44:56.660 [Test worker] INFO  com.phonebook.utils.MyListener -- ***************************************************************
12:44:56.695 [Test worker] INFO  com.phonebook.utils.MyListener -- The locator will findBy.cssSelector: input:nth-child(1)
12:44:56.695 [Test worker] INFO  com.phonebook.utils.MyListener -- ***************************************************************
12:44:56.704 [Test worker] INFO  com.phonebook.utils.MyListener -- The locator isBy.cssSelector: input:nth-child(1)
12:44:56.704 [Test worker] INFO  com.phonebook.utils.MyListener -- ***************************************************************
12:44:56.726 [Test worker] INFO  com.phonebook.utils.MyListener -- The locator will findBy.cssSelector: input:nth-child(1)
12:44:56.726 [Test worker] INFO  com.phonebook.utils.MyListener -- ***************************************************************
12:44:56.737 [Test worker] INFO  com.phonebook.utils.MyListener -- The locator isBy.cssSelector: input:nth-child(1)
12:44:56.737 [Test worker] INFO  com.phonebook.utils.MyListener -- ***************************************************************
12:44:56.753 [Test worker] INFO  com.phonebook.utils.MyListener -- The locator will findBy.cssSelector: input:nth-child(2)
12:44:56.753 [Test worker] INFO  com.phonebook.utils.MyListener -- ***************************************************************
12:44:56.764 [Test worker] INFO  com.phonebook.utils.MyListener -- The locator isBy.cssSelector: input:nth-child(2)
12:44:56.764 [Test worker] INFO  com.phonebook.utils.MyListener -- ***************************************************************
12:44:56.793 [Test worker] INFO  com.phonebook.utils.MyListener -- The locator will findBy.cssSelector: input:nth-child(2)
12:44:56.793 [Test worker] INFO  com.phonebook.utils.MyListener -- ***************************************************************
12:44:56.804 [Test worker] INFO  com.phonebook.utils.MyListener -- The locator isBy.cssSelector: input:nth-child(2)
12:44:56.804 [Test worker] INFO  com.phonebook.utils.MyListener -- ***************************************************************
12:44:56.820 [Test worker] INFO  com.phonebook.utils.MyListener -- The locator will findBy.cssSelector: input:nth-child(2)
12:44:56.820 [Test worker] INFO  com.phonebook.utils.MyListener -- ***************************************************************
12:44:56.829 [Test worker] INFO  com.phonebook.utils.MyListener -- The locator isBy.cssSelector: input:nth-child(2)
12:44:56.829 [Test worker] INFO  com.phonebook.utils.MyListener -- ***************************************************************
12:44:56.843 [Test worker] INFO  com.phonebook.utils.MyListener -- The locator will findBy.cssSelector: input:nth-child(3)
12:44:56.844 [Test worker] INFO  com.phonebook.utils.MyListener -- ***************************************************************
12:44:56.856 [Test worker] INFO  com.phonebook.utils.MyListener -- The locator isBy.cssSelector: input:nth-child(3)
12:44:56.856 [Test worker] INFO  com.phonebook.utils.MyListener -- ***************************************************************
12:44:56.885 [Test worker] INFO  com.phonebook.utils.MyListener -- The locator will findBy.cssSelector: input:nth-child(3)
12:44:56.885 [Test worker] INFO  com.phonebook.utils.MyListener -- ***************************************************************
12:44:56.894 [Test worker] INFO  com.phonebook.utils.MyListener -- The locator isBy.cssSelector: input:nth-child(3)
12:44:56.895 [Test worker] INFO  com.phonebook.utils.MyListener -- ***************************************************************
12:44:56.909 [Test worker] INFO  com.phonebook.utils.MyListener -- The locator will findBy.cssSelector: input:nth-child(3)
12:44:56.910 [Test worker] INFO  com.phonebook.utils.MyListener -- ***************************************************************
12:44:56.919 [Test worker] INFO  com.phonebook.utils.MyListener -- The locator isBy.cssSelector: input:nth-child(3)
12:44:56.920 [Test worker] INFO  com.phonebook.utils.MyListener -- ***************************************************************
12:44:56.942 [Test worker] INFO  com.phonebook.utils.MyListener -- The locator will findBy.cssSelector: input:nth-child(4)
12:44:56.942 [Test worker] INFO  com.phonebook.utils.MyListener -- ***************************************************************
12:44:56.950 [Test worker] INFO  com.phonebook.utils.MyListener -- The locator isBy.cssSelector: input:nth-child(4)
12:44:56.950 [Test worker] INFO  com.phonebook.utils.MyListener -- ***************************************************************
12:44:56.978 [Test worker] INFO  com.phonebook.utils.MyListener -- The locator will findBy.cssSelector: input:nth-child(4)
12:44:56.979 [Test worker] INFO  com.phonebook.utils.MyListener -- ***************************************************************
12:44:56.989 [Test worker] INFO  com.phonebook.utils.MyListener -- The locator isBy.cssSelector: input:nth-child(4)
12:44:56.989 [Test worker] INFO  com.phonebook.utils.MyListener -- ***************************************************************
12:44:57.003 [Test worker] INFO  com.phonebook.utils.MyListener -- The locator will findBy.cssSelector: input:nth-child(4)
12:44:57.004 [Test worker] INFO  com.phonebook.utils.MyListener -- ***************************************************************
12:44:57.013 [Test worker] INFO  com.phonebook.utils.MyListener -- The locator isBy.cssSelector: input:nth-child(4)
12:44:57.013 [Test worker] INFO  com.phonebook.utils.MyListener -- ***************************************************************
12:44:57.036 [Test worker] INFO  com.phonebook.utils.MyListener -- The locator will findBy.cssSelector: input:nth-child(5)
12:44:57.036 [Test worker] INFO  com.phonebook.utils.MyListener -- ***************************************************************
12:44:57.048 [Test worker] INFO  com.phonebook.utils.MyListener -- The locator isBy.cssSelector: input:nth-child(5)
12:44:57.048 [Test worker] INFO  com.phonebook.utils.MyListener -- ***************************************************************
12:44:57.079 [Test worker] INFO  com.phonebook.utils.MyListener -- The locator will findBy.cssSelector: input:nth-child(5)
12:44:57.079 [Test worker] INFO  com.phonebook.utils.MyListener -- ***************************************************************
12:44:57.090 [Test worker] INFO  com.phonebook.utils.MyListener -- The locator isBy.cssSelector: input:nth-child(5)
12:44:57.090 [Test worker] INFO  com.phonebook.utils.MyListener -- ***************************************************************
12:44:57.105 [Test worker] INFO  com.phonebook.utils.MyListener -- The locator will findBy.cssSelector: input:nth-child(5)
12:44:57.105 [Test worker] INFO  com.phonebook.utils.MyListener -- ***************************************************************
12:44:57.113 [Test worker] INFO  com.phonebook.utils.MyListener -- The locator isBy.cssSelector: input:nth-child(5)
12:44:57.115 [Test worker] INFO  com.phonebook.utils.MyListener -- ***************************************************************
12:44:57.136 [Test worker] INFO  com.phonebook.utils.MyListener -- The locator will findBy.cssSelector: input:nth-child(6)
12:44:57.136 [Test worker] INFO  com.phonebook.utils.MyListener -- ***************************************************************
12:44:57.145 [Test worker] INFO  com.phonebook.utils.MyListener -- The locator isBy.cssSelector: input:nth-child(6)
12:44:57.145 [Test worker] INFO  com.phonebook.utils.MyListener -- ***************************************************************
12:44:57.179 [Test worker] INFO  com.phonebook.utils.MyListener -- The locator will findBy.cssSelector: input:nth-child(6)
12:44:57.179 [Test worker] INFO  com.phonebook.utils.MyListener -- ***************************************************************
12:44:57.188 [Test worker] INFO  com.phonebook.utils.MyListener -- The locator isBy.cssSelector: input:nth-child(6)
12:44:57.188 [Test worker] INFO  com.phonebook.utils.MyListener -- ***************************************************************
12:44:57.203 [Test worker] INFO  com.phonebook.utils.MyListener -- The locator will findBy.cssSelector: input:nth-child(6)
12:44:57.203 [Test worker] INFO  com.phonebook.utils.MyListener -- ***************************************************************
12:44:57.212 [Test worker] INFO  com.phonebook.utils.MyListener -- The locator isBy.cssSelector: input:nth-child(6)
12:44:57.213 [Test worker] INFO  com.phonebook.utils.MyListener -- ***************************************************************
12:44:57.233 [Test worker] INFO  com.phonebook.utils.MyListener -- The locator will findBy.cssSelector: .add_form__2rsm2 button
12:44:57.233 [Test worker] INFO  com.phonebook.utils.MyListener -- ***************************************************************
12:44:57.243 [Test worker] INFO  com.phonebook.utils.MyListener -- The locator isBy.cssSelector: .add_form__2rsm2 button
12:44:57.243 [Test worker] INFO  com.phonebook.utils.MyListener -- ***************************************************************
12:44:57.274 [Test worker] INFO  com.phonebook.utils.MyListener -- Before Find ElementsBy.cssSelector: h2
12:44:57.275 [Test worker] INFO  com.phonebook.utils.MyListener -- ***************************************************************
12:44:57.719 [Test worker] INFO  com.phonebook.utils.MyListener -- List size is24
12:44:57.719 [Test worker] INFO  com.phonebook.utils.MyListener -- ***************************************************************
12:44:57.764 [Test worker] INFO  com.phonebook.utils.MyListener -- The locator will findBy.cssSelector: .contact-item_card__2SOIM
12:44:57.764 [Test worker] INFO  com.phonebook.utils.MyListener -- ***************************************************************
12:44:57.773 [Test worker] INFO  com.phonebook.utils.MyListener -- The locator isBy.cssSelector: .contact-item_card__2SOIM
12:44:57.773 [Test worker] INFO  com.phonebook.utils.MyListener -- ***************************************************************
12:44:57.806 [Test worker] INFO  com.phonebook.utils.MyListener -- The locator will findBy.xpath: //button[.='Remove']
12:44:57.806 [Test worker] INFO  com.phonebook.utils.MyListener -- ***************************************************************
12:44:57.817 [Test worker] INFO  com.phonebook.utils.MyListener -- The locator isBy.xpath: //button[.='Remove']
12:44:57.817 [Test worker] INFO  com.phonebook.utils.MyListener -- ***************************************************************
12:44:57.856 [Test worker] INFO  com.phonebook.TestBase -- PASSED:addContactPositiveFromDataProviderTest
12:44:57.856 [Test worker] INFO  com.phonebook.TestBase -- Stop test
12:44:57.856 [Test worker] INFO  com.phonebook.TestBase -- ======================================================
12:44:57.857 [Test worker] INFO  com.phonebook.TestBase -- Start testaddContactPositiveFromDataProviderTest[Olya, Kan, 0123456789111, kan@gmail.com, Berlin, QA]
12:44:57.858 [Test worker] INFO  com.phonebook.utils.MyListener -- Before Find ElementsBy.cssSelector: [href='/login']
12:44:57.858 [Test worker] INFO  com.phonebook.utils.MyListener -- ***************************************************************
12:45:07.877 [Test worker] INFO  com.phonebook.utils.MyListener -- List size is0
12:45:07.877 [Test worker] INFO  com.phonebook.utils.MyListener -- ***************************************************************
12:45:07.877 [Test worker] INFO  com.phonebook.utils.MyListener -- The locator will findBy.xpath: //button[.='Sign Out']
12:45:07.877 [Test worker] INFO  com.phonebook.utils.MyListener -- ***************************************************************
12:45:07.888 [Test worker] INFO  com.phonebook.utils.MyListener -- The locator isBy.xpath: //button[.='Sign Out']
12:45:07.889 [Test worker] INFO  com.phonebook.utils.MyListener -- ***************************************************************
12:45:07.927 [Test worker] INFO  com.phonebook.utils.MyListener -- The locator will findBy.cssSelector: [href='/login']
12:45:07.928 [Test worker] INFO  com.phonebook.utils.MyListener -- ***************************************************************
12:45:07.945 [Test worker] INFO  com.phonebook.utils.MyListener -- The locator isBy.cssSelector: [href='/login']
12:45:07.945 [Test worker] INFO  com.phonebook.utils.MyListener -- ***************************************************************
12:45:07.998 [Test worker] INFO  com.phonebook.utils.MyListener -- The locator will findBy.name: email
12:45:07.998 [Test worker] INFO  com.phonebook.utils.MyListener -- ***************************************************************
12:45:08.010 [Test worker] INFO  com.phonebook.utils.MyListener -- The locator isBy.name: email
12:45:08.010 [Test worker] INFO  com.phonebook.utils.MyListener -- ***************************************************************
12:45:08.054 [Test worker] INFO  com.phonebook.utils.MyListener -- The locator will findBy.name: email
12:45:08.054 [Test worker] INFO  com.phonebook.utils.MyListener -- ***************************************************************
12:45:08.065 [Test worker] INFO  com.phonebook.utils.MyListener -- The locator isBy.name: email
12:45:08.066 [Test worker] INFO  com.phonebook.utils.MyListener -- ***************************************************************
12:45:08.080 [Test worker] INFO  com.phonebook.utils.MyListener -- The locator will findBy.name: email
12:45:08.080 [Test worker] INFO  com.phonebook.utils.MyListener -- ***************************************************************
12:45:08.087 [Test worker] INFO  com.phonebook.utils.MyListener -- The locator isBy.name: email
12:45:08.087 [Test worker] INFO  com.phonebook.utils.MyListener -- ***************************************************************
12:45:08.112 [Test worker] INFO  com.phonebook.utils.MyListener -- The locator will findBy.name: password
12:45:08.112 [Test worker] INFO  com.phonebook.utils.MyListener -- ***************************************************************
12:45:08.124 [Test worker] INFO  com.phonebook.utils.MyListener -- The locator isBy.name: password
12:45:08.124 [Test worker] INFO  com.phonebook.utils.MyListener -- ***************************************************************
12:45:08.159 [Test worker] INFO  com.phonebook.utils.MyListener -- The locator will findBy.name: password
12:45:08.160 [Test worker] INFO  com.phonebook.utils.MyListener -- ***************************************************************
12:45:08.177 [Test worker] INFO  com.phonebook.utils.MyListener -- The locator isBy.name: password
12:45:08.177 [Test worker] INFO  com.phonebook.utils.MyListener -- ***************************************************************
12:45:08.199 [Test worker] INFO  com.phonebook.utils.MyListener -- The locator will findBy.name: password
12:45:08.199 [Test worker] INFO  com.phonebook.utils.MyListener -- ***************************************************************
12:45:08.208 [Test worker] INFO  com.phonebook.utils.MyListener -- The locator isBy.name: password
12:45:08.208 [Test worker] INFO  com.phonebook.utils.MyListener -- ***************************************************************
12:45:08.228 [Test worker] INFO  com.phonebook.utils.MyListener -- The locator will findBy.name: login
12:45:08.228 [Test worker] INFO  com.phonebook.utils.MyListener -- ***************************************************************
12:45:08.238 [Test worker] INFO  com.phonebook.utils.MyListener -- The locator isBy.name: login
12:45:08.239 [Test worker] INFO  com.phonebook.utils.MyListener -- ***************************************************************
12:45:08.280 [Test worker] INFO  com.phonebook.utils.MyListener -- The locator will findBy.cssSelector: [href='/add']
12:45:08.280 [Test worker] INFO  com.phonebook.utils.MyListener -- ***************************************************************
12:45:08.543 [Test worker] INFO  com.phonebook.utils.MyListener -- The locator isBy.cssSelector: [href='/add']
12:45:08.544 [Test worker] INFO  com.phonebook.utils.MyListener -- ***************************************************************
12:45:08.576 [Test worker] INFO  com.phonebook.utils.MyListener -- The locator will findBy.cssSelector: input:nth-child(1)
12:45:08.576 [Test worker] INFO  com.phonebook.utils.MyListener -- ***************************************************************
12:45:08.588 [Test worker] INFO  com.phonebook.utils.MyListener -- The locator isBy.cssSelector: input:nth-child(1)
12:45:08.589 [Test worker] INFO  com.phonebook.utils.MyListener -- ***************************************************************
12:45:08.623 [Test worker] INFO  com.phonebook.utils.MyListener -- The locator will findBy.cssSelector: input:nth-child(1)
12:45:08.623 [Test worker] INFO  com.phonebook.utils.MyListener -- ***************************************************************
12:45:08.633 [Test worker] INFO  com.phonebook.utils.MyListener -- The locator isBy.cssSelector: input:nth-child(1)
12:45:08.633 [Test worker] INFO  com.phonebook.utils.MyListener -- ***************************************************************
12:45:08.649 [Test worker] INFO  com.phonebook.utils.MyListener -- The locator will findBy.cssSelector: input:nth-child(1)
12:45:08.649 [Test worker] INFO  com.phonebook.utils.MyListener -- ***************************************************************
12:45:08.657 [Test worker] INFO  com.phonebook.utils.MyListener -- The locator isBy.cssSelector: input:nth-child(1)
12:45:08.657 [Test worker] INFO  com.phonebook.utils.MyListener -- ***************************************************************
12:45:08.671 [Test worker] INFO  com.phonebook.utils.MyListener -- The locator will findBy.cssSelector: input:nth-child(2)
12:45:08.671 [Test worker] INFO  com.phonebook.utils.MyListener -- ***************************************************************
12:45:08.680 [Test worker] INFO  com.phonebook.utils.MyListener -- The locator isBy.cssSelector: input:nth-child(2)
12:45:08.680 [Test worker] INFO  com.phonebook.utils.MyListener -- ***************************************************************
12:45:08.711 [Test worker] INFO  com.phonebook.utils.MyListener -- The locator will findBy.cssSelector: input:nth-child(2)
12:45:08.711 [Test worker] INFO  com.phonebook.utils.MyListener -- ***************************************************************
12:45:08.720 [Test worker] INFO  com.phonebook.utils.MyListener -- The locator isBy.cssSelector: input:nth-child(2)
12:45:08.720 [Test worker] INFO  com.phonebook.utils.MyListener -- ***************************************************************
12:45:08.737 [Test worker] INFO  com.phonebook.utils.MyListener -- The locator will findBy.cssSelector: input:nth-child(2)
12:45:08.737 [Test worker] INFO  com.phonebook.utils.MyListener -- ***************************************************************
12:45:08.746 [Test worker] INFO  com.phonebook.utils.MyListener -- The locator isBy.cssSelector: input:nth-child(2)
12:45:08.746 [Test worker] INFO  com.phonebook.utils.MyListener -- ***************************************************************
12:45:08.762 [Test worker] INFO  com.phonebook.utils.MyListener -- The locator will findBy.cssSelector: input:nth-child(3)
12:45:08.762 [Test worker] INFO  com.phonebook.utils.MyListener -- ***************************************************************
12:45:08.771 [Test worker] INFO  com.phonebook.utils.MyListener -- The locator isBy.cssSelector: input:nth-child(3)
12:45:08.771 [Test worker] INFO  com.phonebook.utils.MyListener -- ***************************************************************
12:45:08.802 [Test worker] INFO  com.phonebook.utils.MyListener -- The locator will findBy.cssSelector: input:nth-child(3)
12:45:08.802 [Test worker] INFO  com.phonebook.utils.MyListener -- ***************************************************************
12:45:08.811 [Test worker] INFO  com.phonebook.utils.MyListener -- The locator isBy.cssSelector: input:nth-child(3)
12:45:08.811 [Test worker] INFO  com.phonebook.utils.MyListener -- ***************************************************************
12:45:08.823 [Test worker] INFO  com.phonebook.utils.MyListener -- The locator will findBy.cssSelector: input:nth-child(3)
12:45:08.823 [Test worker] INFO  com.phonebook.utils.MyListener -- ***************************************************************
12:45:08.833 [Test worker] INFO  com.phonebook.utils.MyListener -- The locator isBy.cssSelector: input:nth-child(3)
12:45:08.834 [Test worker] INFO  com.phonebook.utils.MyListener -- ***************************************************************
12:45:08.856 [Test worker] INFO  com.phonebook.utils.MyListener -- The locator will findBy.cssSelector: input:nth-child(4)
12:45:08.856 [Test worker] INFO  com.phonebook.utils.MyListener -- ***************************************************************
12:45:08.866 [Test worker] INFO  com.phonebook.utils.MyListener -- The locator isBy.cssSelector: input:nth-child(4)
12:45:08.866 [Test worker] INFO  com.phonebook.utils.MyListener -- ***************************************************************
12:45:08.895 [Test worker] INFO  com.phonebook.utils.MyListener -- The locator will findBy.cssSelector: input:nth-child(4)
12:45:08.895 [Test worker] INFO  com.phonebook.utils.MyListener -- ***************************************************************
12:45:08.905 [Test worker] INFO  com.phonebook.utils.MyListener -- The locator isBy.cssSelector: input:nth-child(4)
12:45:08.905 [Test worker] INFO  com.phonebook.utils.MyListener -- ***************************************************************
12:45:08.922 [Test worker] INFO  com.phonebook.utils.MyListener -- The locator will findBy.cssSelector: input:nth-child(4)
12:45:08.922 [Test worker] INFO  com.phonebook.utils.MyListener -- ***************************************************************
12:45:08.931 [Test worker] INFO  com.phonebook.utils.MyListener -- The locator isBy.cssSelector: input:nth-child(4)
12:45:08.931 [Test worker] INFO  com.phonebook.utils.MyListener -- ***************************************************************
12:45:08.955 [Test worker] INFO  com.phonebook.utils.MyListener -- The locator will findBy.cssSelector: input:nth-child(5)
12:45:08.955 [Test worker] INFO  com.phonebook.utils.MyListener -- ***************************************************************
12:45:08.967 [Test worker] INFO  com.phonebook.utils.MyListener -- The locator isBy.cssSelector: input:nth-child(5)
12:45:08.968 [Test worker] INFO  com.phonebook.utils.MyListener -- ***************************************************************
12:45:08.996 [Test worker] INFO  com.phonebook.utils.MyListener -- The locator will findBy.cssSelector: input:nth-child(5)
12:45:08.996 [Test worker] INFO  com.phonebook.utils.MyListener -- ***************************************************************
12:45:09.005 [Test worker] INFO  com.phonebook.utils.MyListener -- The locator isBy.cssSelector: input:nth-child(5)
12:45:09.005 [Test worker] INFO  com.phonebook.utils.MyListener -- ***************************************************************
12:45:09.021 [Test worker] INFO  com.phonebook.utils.MyListener -- The locator will findBy.cssSelector: input:nth-child(5)
12:45:09.021 [Test worker] INFO  com.phonebook.utils.MyListener -- ***************************************************************
12:45:09.032 [Test worker] INFO  com.phonebook.utils.MyListener -- The locator isBy.cssSelector: input:nth-child(5)
12:45:09.032 [Test worker] INFO  com.phonebook.utils.MyListener -- ***************************************************************
12:45:09.053 [Test worker] INFO  com.phonebook.utils.MyListener -- The locator will findBy.cssSelector: input:nth-child(6)
12:45:09.053 [Test worker] INFO  com.phonebook.utils.MyListener -- ***************************************************************
12:45:09.061 [Test worker] INFO  com.phonebook.utils.MyListener -- The locator isBy.cssSelector: input:nth-child(6)
12:45:09.062 [Test worker] INFO  com.phonebook.utils.MyListener -- ***************************************************************
12:45:09.091 [Test worker] INFO  com.phonebook.utils.MyListener -- The locator will findBy.cssSelector: input:nth-child(6)
12:45:09.092 [Test worker] INFO  com.phonebook.utils.MyListener -- ***************************************************************
12:45:09.103 [Test worker] INFO  com.phonebook.utils.MyListener -- The locator isBy.cssSelector: input:nth-child(6)
12:45:09.103 [Test worker] INFO  com.phonebook.utils.MyListener -- ***************************************************************
12:45:09.117 [Test worker] INFO  com.phonebook.utils.MyListener -- The locator will findBy.cssSelector: input:nth-child(6)
12:45:09.117 [Test worker] INFO  com.phonebook.utils.MyListener -- ***************************************************************
12:45:09.127 [Test worker] INFO  com.phonebook.utils.MyListener -- The locator isBy.cssSelector: input:nth-child(6)
12:45:09.127 [Test worker] INFO  com.phonebook.utils.MyListener -- ***************************************************************
12:45:09.144 [Test worker] INFO  com.phonebook.utils.MyListener -- The locator will findBy.cssSelector: .add_form__2rsm2 button
12:45:09.145 [Test worker] INFO  com.phonebook.utils.MyListener -- ***************************************************************
12:45:09.153 [Test worker] INFO  com.phonebook.utils.MyListener -- The locator isBy.cssSelector: .add_form__2rsm2 button
12:45:09.153 [Test worker] INFO  com.phonebook.utils.MyListener -- ***************************************************************
12:45:09.181 [Test worker] INFO  com.phonebook.utils.MyListener -- Before Find ElementsBy.cssSelector: h2
12:45:09.181 [Test worker] INFO  com.phonebook.utils.MyListener -- ***************************************************************
12:45:09.597 [Test worker] INFO  com.phonebook.utils.MyListener -- List size is24
12:45:09.598 [Test worker] INFO  com.phonebook.utils.MyListener -- ***************************************************************
12:45:09.641 [Test worker] INFO  com.phonebook.utils.MyListener -- The locator will findBy.cssSelector: .contact-item_card__2SOIM
12:45:09.641 [Test worker] INFO  com.phonebook.utils.MyListener -- ***************************************************************
12:45:09.653 [Test worker] INFO  com.phonebook.utils.MyListener -- The locator isBy.cssSelector: .contact-item_card__2SOIM
12:45:09.653 [Test worker] INFO  com.phonebook.utils.MyListener -- ***************************************************************
12:45:09.692 [Test worker] INFO  com.phonebook.utils.MyListener -- The locator will findBy.xpath: //button[.='Remove']
12:45:09.693 [Test worker] INFO  com.phonebook.utils.MyListener -- ***************************************************************
12:45:09.706 [Test worker] INFO  com.phonebook.utils.MyListener -- The locator isBy.xpath: //button[.='Remove']
12:45:09.706 [Test worker] INFO  com.phonebook.utils.MyListener -- ***************************************************************
12:45:09.746 [Test worker] INFO  com.phonebook.TestBase -- PASSED:addContactPositiveFromDataProviderTest
12:45:09.747 [Test worker] INFO  com.phonebook.TestBase -- Stop test
12:45:09.747 [Test worker] INFO  com.phonebook.TestBase -- ======================================================
12:45:09.751 [Test worker] INFO  com.phonebook.TestBase -- Start testaddContactPositiveFromDataProviderWithCsvFileTest[Contact{name='Oliver', phone='1234567890'}]
12:45:09.752 [Test worker] INFO  com.phonebook.utils.MyListener -- Before Find ElementsBy.cssSelector: [href='/login']
12:45:09.753 [Test worker] INFO  com.phonebook.utils.MyListener -- ***************************************************************
12:45:19.784 [Test worker] INFO  com.phonebook.utils.MyListener -- List size is0
12:45:19.784 [Test worker] INFO  com.phonebook.utils.MyListener -- ***************************************************************
12:45:19.785 [Test worker] INFO  com.phonebook.utils.MyListener -- The locator will findBy.xpath: //button[.='Sign Out']
12:45:19.785 [Test worker] INFO  com.phonebook.utils.MyListener -- ***************************************************************
12:45:19.797 [Test worker] INFO  com.phonebook.utils.MyListener -- The locator isBy.xpath: //button[.='Sign Out']
12:45:19.797 [Test worker] INFO  com.phonebook.utils.MyListener -- ***************************************************************
12:45:19.828 [Test worker] INFO  com.phonebook.utils.MyListener -- The locator will findBy.cssSelector: [href='/login']
12:45:19.828 [Test worker] INFO  com.phonebook.utils.MyListener -- ***************************************************************
12:45:19.836 [Test worker] INFO  com.phonebook.utils.MyListener -- The locator isBy.cssSelector: [href='/login']
12:45:19.836 [Test worker] INFO  com.phonebook.utils.MyListener -- ***************************************************************
12:45:19.871 [Test worker] INFO  com.phonebook.utils.MyListener -- The locator will findBy.name: email
12:45:19.871 [Test worker] INFO  com.phonebook.utils.MyListener -- ***************************************************************
12:45:19.881 [Test worker] INFO  com.phonebook.utils.MyListener -- The locator isBy.name: email
12:45:19.881 [Test worker] INFO  com.phonebook.utils.MyListener -- ***************************************************************
12:45:19.914 [Test worker] INFO  com.phonebook.utils.MyListener -- The locator will findBy.name: email
12:45:19.915 [Test worker] INFO  com.phonebook.utils.MyListener -- ***************************************************************
12:45:19.936 [Test worker] INFO  com.phonebook.utils.MyListener -- The locator isBy.name: email
12:45:19.936 [Test worker] INFO  com.phonebook.utils.MyListener -- ***************************************************************
12:45:19.950 [Test worker] INFO  com.phonebook.utils.MyListener -- The locator will findBy.name: email
12:45:19.950 [Test worker] INFO  com.phonebook.utils.MyListener -- ***************************************************************
12:45:19.959 [Test worker] INFO  com.phonebook.utils.MyListener -- The locator isBy.name: email
12:45:19.959 [Test worker] INFO  com.phonebook.utils.MyListener -- ***************************************************************
12:45:19.980 [Test worker] INFO  com.phonebook.utils.MyListener -- The locator will findBy.name: password
12:45:19.980 [Test worker] INFO  com.phonebook.utils.MyListener -- ***************************************************************
12:45:19.990 [Test worker] INFO  com.phonebook.utils.MyListener -- The locator isBy.name: password
12:45:19.990 [Test worker] INFO  com.phonebook.utils.MyListener -- ***************************************************************
12:45:20.029 [Test worker] INFO  com.phonebook.utils.MyListener -- The locator will findBy.name: password
12:45:20.029 [Test worker] INFO  com.phonebook.utils.MyListener -- ***************************************************************
12:45:20.043 [Test worker] INFO  com.phonebook.utils.MyListener -- The locator isBy.name: password
12:45:20.043 [Test worker] INFO  com.phonebook.utils.MyListener -- ***************************************************************
12:45:20.059 [Test worker] INFO  com.phonebook.utils.MyListener -- The locator will findBy.name: password
12:45:20.060 [Test worker] INFO  com.phonebook.utils.MyListener -- ***************************************************************
12:45:20.069 [Test worker] INFO  com.phonebook.utils.MyListener -- The locator isBy.name: password
12:45:20.069 [Test worker] INFO  com.phonebook.utils.MyListener -- ***************************************************************
12:45:20.095 [Test worker] INFO  com.phonebook.utils.MyListener -- The locator will findBy.name: login
12:45:20.095 [Test worker] INFO  com.phonebook.utils.MyListener -- ***************************************************************
12:45:20.108 [Test worker] INFO  com.phonebook.utils.MyListener -- The locator isBy.name: login
12:45:20.108 [Test worker] INFO  com.phonebook.utils.MyListener -- ***************************************************************
12:45:20.144 [Test worker] INFO  com.phonebook.utils.MyListener -- The locator will findBy.cssSelector: [href='/add']
12:45:20.144 [Test worker] INFO  com.phonebook.utils.MyListener -- ***************************************************************
12:45:20.395 [Test worker] INFO  com.phonebook.utils.MyListener -- The locator isBy.cssSelector: [href='/add']
12:45:20.395 [Test worker] INFO  com.phonebook.utils.MyListener -- ***************************************************************
12:45:20.432 [Test worker] INFO  com.phonebook.utils.MyListener -- The locator will findBy.cssSelector: input:nth-child(1)
12:45:20.432 [Test worker] INFO  com.phonebook.utils.MyListener -- ***************************************************************
12:45:20.453 [Test worker] INFO  com.phonebook.utils.MyListener -- The locator isBy.cssSelector: input:nth-child(1)
12:45:20.453 [Test worker] INFO  com.phonebook.utils.MyListener -- ***************************************************************
12:45:20.489 [Test worker] INFO  com.phonebook.utils.MyListener -- The locator will findBy.cssSelector: input:nth-child(1)
12:45:20.489 [Test worker] INFO  com.phonebook.utils.MyListener -- ***************************************************************
12:45:20.500 [Test worker] INFO  com.phonebook.utils.MyListener -- The locator isBy.cssSelector: input:nth-child(1)
12:45:20.500 [Test worker] INFO  com.phonebook.utils.MyListener -- ***************************************************************
12:45:20.516 [Test worker] INFO  com.phonebook.utils.MyListener -- The locator will findBy.cssSelector: input:nth-child(1)
12:45:20.516 [Test worker] INFO  com.phonebook.utils.MyListener -- ***************************************************************
12:45:20.525 [Test worker] INFO  com.phonebook.utils.MyListener -- The locator isBy.cssSelector: input:nth-child(1)
12:45:20.525 [Test worker] INFO  com.phonebook.utils.MyListener -- ***************************************************************
12:45:20.545 [Test worker] INFO  com.phonebook.utils.MyListener -- The locator will findBy.cssSelector: input:nth-child(2)
12:45:20.546 [Test worker] INFO  com.phonebook.utils.MyListener -- ***************************************************************
12:45:20.553 [Test worker] INFO  com.phonebook.utils.MyListener -- The locator isBy.cssSelector: input:nth-child(2)
12:45:20.553 [Test worker] INFO  com.phonebook.utils.MyListener -- ***************************************************************
12:45:20.585 [Test worker] INFO  com.phonebook.utils.MyListener -- The locator will findBy.cssSelector: input:nth-child(2)
12:45:20.585 [Test worker] INFO  com.phonebook.utils.MyListener -- ***************************************************************
12:45:20.595 [Test worker] INFO  com.phonebook.utils.MyListener -- The locator isBy.cssSelector: input:nth-child(2)
12:45:20.595 [Test worker] INFO  com.phonebook.utils.MyListener -- ***************************************************************
12:45:20.612 [Test worker] INFO  com.phonebook.utils.MyListener -- The locator will findBy.cssSelector: input:nth-child(2)
12:45:20.613 [Test worker] INFO  com.phonebook.utils.MyListener -- ***************************************************************
12:45:20.624 [Test worker] INFO  com.phonebook.utils.MyListener -- The locator isBy.cssSelector: input:nth-child(2)
12:45:20.624 [Test worker] INFO  com.phonebook.utils.MyListener -- ***************************************************************
12:45:20.644 [Test worker] INFO  com.phonebook.utils.MyListener -- The locator will findBy.cssSelector: input:nth-child(3)
12:45:20.644 [Test worker] INFO  com.phonebook.utils.MyListener -- ***************************************************************
12:45:20.654 [Test worker] INFO  com.phonebook.utils.MyListener -- The locator isBy.cssSelector: input:nth-child(3)
12:45:20.655 [Test worker] INFO  com.phonebook.utils.MyListener -- ***************************************************************
12:45:20.693 [Test worker] INFO  com.phonebook.utils.MyListener -- The locator will findBy.cssSelector: input:nth-child(3)
12:45:20.693 [Test worker] INFO  com.phonebook.utils.MyListener -- ***************************************************************
12:45:20.704 [Test worker] INFO  com.phonebook.utils.MyListener -- The locator isBy.cssSelector: input:nth-child(3)
12:45:20.704 [Test worker] INFO  com.phonebook.utils.MyListener -- ***************************************************************
12:45:20.719 [Test worker] INFO  com.phonebook.utils.MyListener -- The locator will findBy.cssSelector: input:nth-child(3)
12:45:20.719 [Test worker] INFO  com.phonebook.utils.MyListener -- ***************************************************************
12:45:20.730 [Test worker] INFO  com.phonebook.utils.MyListener -- The locator isBy.cssSelector: input:nth-child(3)
12:45:20.730 [Test worker] INFO  com.phonebook.utils.MyListener -- ***************************************************************
12:45:20.751 [Test worker] INFO  com.phonebook.utils.MyListener -- The locator will findBy.cssSelector: input:nth-child(4)
12:45:20.751 [Test worker] INFO  com.phonebook.utils.MyListener -- ***************************************************************
12:45:20.760 [Test worker] INFO  com.phonebook.utils.MyListener -- The locator isBy.cssSelector: input:nth-child(4)
12:45:20.761 [Test worker] INFO  com.phonebook.utils.MyListener -- ***************************************************************
12:45:20.792 [Test worker] INFO  com.phonebook.utils.MyListener -- The locator will findBy.cssSelector: input:nth-child(4)
12:45:20.792 [Test worker] INFO  com.phonebook.utils.MyListener -- ***************************************************************
12:45:20.802 [Test worker] INFO  com.phonebook.utils.MyListener -- The locator isBy.cssSelector: input:nth-child(4)
12:45:20.802 [Test worker] INFO  com.phonebook.utils.MyListener -- ***************************************************************
12:45:20.817 [Test worker] INFO  com.phonebook.utils.MyListener -- The locator will findBy.cssSelector: input:nth-child(4)
12:45:20.817 [Test worker] INFO  com.phonebook.utils.MyListener -- ***************************************************************
12:45:20.825 [Test worker] INFO  com.phonebook.utils.MyListener -- The locator isBy.cssSelector: input:nth-child(4)
12:45:20.825 [Test worker] INFO  com.phonebook.utils.MyListener -- ***************************************************************
12:45:20.844 [Test worker] INFO  com.phonebook.utils.MyListener -- The locator will findBy.cssSelector: input:nth-child(5)
12:45:20.845 [Test worker] INFO  com.phonebook.utils.MyListener -- ***************************************************************
12:45:20.852 [Test worker] INFO  com.phonebook.utils.MyListener -- The locator isBy.cssSelector: input:nth-child(5)
12:45:20.853 [Test worker] INFO  com.phonebook.utils.MyListener -- ***************************************************************
12:45:20.884 [Test worker] INFO  com.phonebook.utils.MyListener -- The locator will findBy.cssSelector: input:nth-child(5)
12:45:20.884 [Test worker] INFO  com.phonebook.utils.MyListener -- ***************************************************************
12:45:20.891 [Test worker] INFO  com.phonebook.utils.MyListener -- The locator isBy.cssSelector: input:nth-child(5)
12:45:20.891 [Test worker] INFO  com.phonebook.utils.MyListener -- ***************************************************************
12:45:20.904 [Test worker] INFO  com.phonebook.utils.MyListener -- The locator will findBy.cssSelector: input:nth-child(5)
12:45:20.904 [Test worker] INFO  com.phonebook.utils.MyListener -- ***************************************************************
12:45:20.913 [Test worker] INFO  com.phonebook.utils.MyListener -- The locator isBy.cssSelector: input:nth-child(5)
12:45:20.913 [Test worker] INFO  com.phonebook.utils.MyListener -- ***************************************************************
12:45:20.930 [Test worker] INFO  com.phonebook.utils.MyListener -- The locator will findBy.cssSelector: input:nth-child(6)
12:45:20.930 [Test worker] INFO  com.phonebook.utils.MyListener -- ***************************************************************
12:45:20.941 [Test worker] INFO  com.phonebook.utils.MyListener -- The locator isBy.cssSelector: input:nth-child(6)
12:45:20.941 [Test worker] INFO  com.phonebook.utils.MyListener -- ***************************************************************
12:45:20.969 [Test worker] INFO  com.phonebook.utils.MyListener -- The locator will findBy.cssSelector: input:nth-child(6)
12:45:20.969 [Test worker] INFO  com.phonebook.utils.MyListener -- ***************************************************************
12:45:20.977 [Test worker] INFO  com.phonebook.utils.MyListener -- The locator isBy.cssSelector: input:nth-child(6)
12:45:20.977 [Test worker] INFO  com.phonebook.utils.MyListener -- ***************************************************************
12:45:20.991 [Test worker] INFO  com.phonebook.utils.MyListener -- The locator will findBy.cssSelector: input:nth-child(6)
12:45:20.991 [Test worker] INFO  com.phonebook.utils.MyListener -- ***************************************************************
12:45:21.001 [Test worker] INFO  com.phonebook.utils.MyListener -- The locator isBy.cssSelector: input:nth-child(6)
12:45:21.001 [Test worker] INFO  com.phonebook.utils.MyListener -- ***************************************************************
12:45:21.024 [Test worker] INFO  com.phonebook.utils.MyListener -- The locator will findBy.cssSelector: .add_form__2rsm2 button
12:45:21.024 [Test worker] INFO  com.phonebook.utils.MyListener -- ***************************************************************
12:45:21.033 [Test worker] INFO  com.phonebook.utils.MyListener -- The locator isBy.cssSelector: .add_form__2rsm2 button
12:45:21.033 [Test worker] INFO  com.phonebook.utils.MyListener -- ***************************************************************
12:45:21.066 [Test worker] INFO  com.phonebook.utils.MyListener -- Before Find ElementsBy.cssSelector: h2
12:45:21.066 [Test worker] INFO  com.phonebook.utils.MyListener -- ***************************************************************
12:45:21.477 [Test worker] INFO  com.phonebook.utils.MyListener -- List size is24
12:45:21.477 [Test worker] INFO  com.phonebook.utils.MyListener -- ***************************************************************
12:45:21.488 [Test worker] INFO  com.phonebook.utils.MyListener -- The locator will findBy.cssSelector: .contact-item_card__2SOIM
12:45:21.489 [Test worker] INFO  com.phonebook.utils.MyListener -- ***************************************************************
12:45:21.506 [Test worker] INFO  com.phonebook.utils.MyListener -- The locator isBy.cssSelector: .contact-item_card__2SOIM
12:45:21.506 [Test worker] INFO  com.phonebook.utils.MyListener -- ***************************************************************
12:45:21.541 [Test worker] INFO  com.phonebook.utils.MyListener -- The locator will findBy.xpath: //button[.='Remove']
12:45:21.541 [Test worker] INFO  com.phonebook.utils.MyListener -- ***************************************************************
12:45:21.550 [Test worker] INFO  com.phonebook.utils.MyListener -- The locator isBy.xpath: //button[.='Remove']
12:45:21.551 [Test worker] INFO  com.phonebook.utils.MyListener -- ***************************************************************
12:45:21.578 [Test worker] INFO  com.phonebook.TestBase -- PASSED:addContactPositiveFromDataProviderWithCsvFileTest
12:45:21.578 [Test worker] INFO  com.phonebook.TestBase -- Stop test
12:45:21.578 [Test worker] INFO  com.phonebook.TestBase -- ======================================================
12:45:21.579 [Test worker] INFO  com.phonebook.TestBase -- Start testaddContactPositiveFromDataProviderWithCsvFileTest[Contact{name='Tomash', phone='12345678911'}]
12:45:21.579 [Test worker] INFO  com.phonebook.utils.MyListener -- Before Find ElementsBy.cssSelector: [href='/login']
12:45:21.579 [Test worker] INFO  com.phonebook.utils.MyListener -- ***************************************************************
12:45:31.623 [Test worker] INFO  com.phonebook.utils.MyListener -- List size is0
12:45:31.623 [Test worker] INFO  com.phonebook.utils.MyListener -- ***************************************************************
12:45:31.623 [Test worker] INFO  com.phonebook.utils.MyListener -- The locator will findBy.xpath: //button[.='Sign Out']
12:45:31.623 [Test worker] INFO  com.phonebook.utils.MyListener -- ***************************************************************
12:45:31.635 [Test worker] INFO  com.phonebook.utils.MyListener -- The locator isBy.xpath: //button[.='Sign Out']
12:45:31.635 [Test worker] INFO  com.phonebook.utils.MyListener -- ***************************************************************
12:45:31.669 [Test worker] INFO  com.phonebook.utils.MyListener -- The locator will findBy.cssSelector: [href='/login']
12:45:31.669 [Test worker] INFO  com.phonebook.utils.MyListener -- ***************************************************************
12:45:31.683 [Test worker] INFO  com.phonebook.utils.MyListener -- The locator isBy.cssSelector: [href='/login']
12:45:31.683 [Test worker] INFO  com.phonebook.utils.MyListener -- ***************************************************************
12:45:31.715 [Test worker] INFO  com.phonebook.utils.MyListener -- The locator will findBy.name: email
12:45:31.715 [Test worker] INFO  com.phonebook.utils.MyListener -- ***************************************************************
12:45:31.726 [Test worker] INFO  com.phonebook.utils.MyListener -- The locator isBy.name: email
12:45:31.726 [Test worker] INFO  com.phonebook.utils.MyListener -- ***************************************************************
12:45:31.758 [Test worker] INFO  com.phonebook.utils.MyListener -- The locator will findBy.name: email
12:45:31.758 [Test worker] INFO  com.phonebook.utils.MyListener -- ***************************************************************
12:45:31.782 [Test worker] INFO  com.phonebook.utils.MyListener -- The locator isBy.name: email
12:45:31.782 [Test worker] INFO  com.phonebook.utils.MyListener -- ***************************************************************
12:45:31.797 [Test worker] INFO  com.phonebook.utils.MyListener -- The locator will findBy.name: email
12:45:31.797 [Test worker] INFO  com.phonebook.utils.MyListener -- ***************************************************************
12:45:31.805 [Test worker] INFO  com.phonebook.utils.MyListener -- The locator isBy.name: email
12:45:31.805 [Test worker] INFO  com.phonebook.utils.MyListener -- ***************************************************************
12:45:31.831 [Test worker] INFO  com.phonebook.utils.MyListener -- The locator will findBy.name: password
12:45:31.831 [Test worker] INFO  com.phonebook.utils.MyListener -- ***************************************************************
12:45:31.841 [Test worker] INFO  com.phonebook.utils.MyListener -- The locator isBy.name: password
12:45:31.841 [Test worker] INFO  com.phonebook.utils.MyListener -- ***************************************************************
12:45:31.892 [Test worker] INFO  com.phonebook.utils.MyListener -- The locator will findBy.name: password
12:45:31.892 [Test worker] INFO  com.phonebook.utils.MyListener -- ***************************************************************
12:45:31.903 [Test worker] INFO  com.phonebook.utils.MyListener -- The locator isBy.name: password
12:45:31.903 [Test worker] INFO  com.phonebook.utils.MyListener -- ***************************************************************
12:45:31.917 [Test worker] INFO  com.phonebook.utils.MyListener -- The locator will findBy.name: password
12:45:31.917 [Test worker] INFO  com.phonebook.utils.MyListener -- ***************************************************************
12:45:31.927 [Test worker] INFO  com.phonebook.utils.MyListener -- The locator isBy.name: password
12:45:31.927 [Test worker] INFO  com.phonebook.utils.MyListener -- ***************************************************************
12:45:31.943 [Test worker] INFO  com.phonebook.utils.MyListener -- The locator will findBy.name: login
12:45:31.943 [Test worker] INFO  com.phonebook.utils.MyListener -- ***************************************************************
12:45:31.952 [Test worker] INFO  com.phonebook.utils.MyListener -- The locator isBy.name: login
12:45:31.952 [Test worker] INFO  com.phonebook.utils.MyListener -- ***************************************************************
12:45:31.981 [Test worker] INFO  com.phonebook.utils.MyListener -- The locator will findBy.cssSelector: [href='/add']
12:45:31.981 [Test worker] INFO  com.phonebook.utils.MyListener -- ***************************************************************
12:45:32.243 [Test worker] INFO  com.phonebook.utils.MyListener -- The locator isBy.cssSelector: [href='/add']
12:45:32.243 [Test worker] INFO  com.phonebook.utils.MyListener -- ***************************************************************
12:45:32.274 [Test worker] INFO  com.phonebook.utils.MyListener -- The locator will findBy.cssSelector: input:nth-child(1)
12:45:32.274 [Test worker] INFO  com.phonebook.utils.MyListener -- ***************************************************************
12:45:32.296 [Test worker] INFO  com.phonebook.utils.MyListener -- The locator isBy.cssSelector: input:nth-child(1)
12:45:32.296 [Test worker] INFO  com.phonebook.utils.MyListener -- ***************************************************************
12:45:32.327 [Test worker] INFO  com.phonebook.utils.MyListener -- The locator will findBy.cssSelector: input:nth-child(1)
12:45:32.327 [Test worker] INFO  com.phonebook.utils.MyListener -- ***************************************************************
12:45:32.334 [Test worker] INFO  com.phonebook.utils.MyListener -- The locator isBy.cssSelector: input:nth-child(1)
12:45:32.334 [Test worker] INFO  com.phonebook.utils.MyListener -- ***************************************************************
12:45:32.348 [Test worker] INFO  com.phonebook.utils.MyListener -- The locator will findBy.cssSelector: input:nth-child(1)
12:45:32.348 [Test worker] INFO  com.phonebook.utils.MyListener -- ***************************************************************
12:45:32.355 [Test worker] INFO  com.phonebook.utils.MyListener -- The locator isBy.cssSelector: input:nth-child(1)
12:45:32.355 [Test worker] INFO  com.phonebook.utils.MyListener -- ***************************************************************
12:45:32.373 [Test worker] INFO  com.phonebook.utils.MyListener -- The locator will findBy.cssSelector: input:nth-child(2)
12:45:32.373 [Test worker] INFO  com.phonebook.utils.MyListener -- ***************************************************************
12:45:32.381 [Test worker] INFO  com.phonebook.utils.MyListener -- The locator isBy.cssSelector: input:nth-child(2)
12:45:32.381 [Test worker] INFO  com.phonebook.utils.MyListener -- ***************************************************************
12:45:32.412 [Test worker] INFO  com.phonebook.utils.MyListener -- The locator will findBy.cssSelector: input:nth-child(2)
12:45:32.412 [Test worker] INFO  com.phonebook.utils.MyListener -- ***************************************************************
12:45:32.421 [Test worker] INFO  com.phonebook.utils.MyListener -- The locator isBy.cssSelector: input:nth-child(2)
12:45:32.421 [Test worker] INFO  com.phonebook.utils.MyListener -- ***************************************************************
12:45:32.434 [Test worker] INFO  com.phonebook.utils.MyListener -- The locator will findBy.cssSelector: input:nth-child(2)
12:45:32.434 [Test worker] INFO  com.phonebook.utils.MyListener -- ***************************************************************
12:45:32.446 [Test worker] INFO  com.phonebook.utils.MyListener -- The locator isBy.cssSelector: input:nth-child(2)
12:45:32.446 [Test worker] INFO  com.phonebook.utils.MyListener -- ***************************************************************
12:45:32.461 [Test worker] INFO  com.phonebook.utils.MyListener -- The locator will findBy.cssSelector: input:nth-child(3)
12:45:32.462 [Test worker] INFO  com.phonebook.utils.MyListener -- ***************************************************************
12:45:32.469 [Test worker] INFO  com.phonebook.utils.MyListener -- The locator isBy.cssSelector: input:nth-child(3)
12:45:32.469 [Test worker] INFO  com.phonebook.utils.MyListener -- ***************************************************************
12:45:32.498 [Test worker] INFO  com.phonebook.utils.MyListener -- The locator will findBy.cssSelector: input:nth-child(3)
12:45:32.498 [Test worker] INFO  com.phonebook.utils.MyListener -- ***************************************************************
12:45:32.507 [Test worker] INFO  com.phonebook.utils.MyListener -- The locator isBy.cssSelector: input:nth-child(3)
12:45:32.507 [Test worker] INFO  com.phonebook.utils.MyListener -- ***************************************************************
12:45:32.525 [Test worker] INFO  com.phonebook.utils.MyListener -- The locator will findBy.cssSelector: input:nth-child(3)
12:45:32.525 [Test worker] INFO  com.phonebook.utils.MyListener -- ***************************************************************
12:45:32.533 [Test worker] INFO  com.phonebook.utils.MyListener -- The locator isBy.cssSelector: input:nth-child(3)
12:45:32.533 [Test worker] INFO  com.phonebook.utils.MyListener -- ***************************************************************
12:45:32.551 [Test worker] INFO  com.phonebook.utils.MyListener -- The locator will findBy.cssSelector: input:nth-child(4)
12:45:32.551 [Test worker] INFO  com.phonebook.utils.MyListener -- ***************************************************************
12:45:32.558 [Test worker] INFO  com.phonebook.utils.MyListener -- The locator isBy.cssSelector: input:nth-child(4)
12:45:32.558 [Test worker] INFO  com.phonebook.utils.MyListener -- ***************************************************************
12:45:32.587 [Test worker] INFO  com.phonebook.utils.MyListener -- The locator will findBy.cssSelector: input:nth-child(4)
12:45:32.587 [Test worker] INFO  com.phonebook.utils.MyListener -- ***************************************************************
12:45:32.595 [Test worker] INFO  com.phonebook.utils.MyListener -- The locator isBy.cssSelector: input:nth-child(4)
12:45:32.595 [Test worker] INFO  com.phonebook.utils.MyListener -- ***************************************************************
12:45:32.608 [Test worker] INFO  com.phonebook.utils.MyListener -- The locator will findBy.cssSelector: input:nth-child(4)
12:45:32.608 [Test worker] INFO  com.phonebook.utils.MyListener -- ***************************************************************
12:45:32.615 [Test worker] INFO  com.phonebook.utils.MyListener -- The locator isBy.cssSelector: input:nth-child(4)
12:45:32.615 [Test worker] INFO  com.phonebook.utils.MyListener -- ***************************************************************
12:45:32.634 [Test worker] INFO  com.phonebook.utils.MyListener -- The locator will findBy.cssSelector: input:nth-child(5)
12:45:32.634 [Test worker] INFO  com.phonebook.utils.MyListener -- ***************************************************************
12:45:32.642 [Test worker] INFO  com.phonebook.utils.MyListener -- The locator isBy.cssSelector: input:nth-child(5)
12:45:32.642 [Test worker] INFO  com.phonebook.utils.MyListener -- ***************************************************************
12:45:32.671 [Test worker] INFO  com.phonebook.utils.MyListener -- The locator will findBy.cssSelector: input:nth-child(5)
12:45:32.672 [Test worker] INFO  com.phonebook.utils.MyListener -- ***************************************************************
12:45:32.679 [Test worker] INFO  com.phonebook.utils.MyListener -- The locator isBy.cssSelector: input:nth-child(5)
12:45:32.679 [Test worker] INFO  com.phonebook.utils.MyListener -- ***************************************************************
[...]
12:45:56.058 [Test worker] INFO  com.phonebook.utils.MyListener -- The locator will findBy.cssSelector: input:nth-child(6)
12:45:56.058 [Test worker] INFO  com.phonebook.utils.MyListener -- ***************************************************************
12:45:56.066 [Test worker] INFO  com.phonebook.utils.MyListener -- The locator isBy.cssSelector: input:nth-child(6)
12:45:56.066 [Test worker] INFO  com.phonebook.utils.MyListener -- ***************************************************************
12:45:56.079 [Test worker] INFO  com.phonebook.utils.MyListener -- The locator will findBy.cssSelector: input:nth-child(6)
12:45:56.079 [Test worker] INFO  com.phonebook.utils.MyListener -- ***************************************************************
12:45:56.085 [Test worker] INFO  com.phonebook.utils.MyListener -- The locator isBy.cssSelector: input:nth-child(6)
12:45:56.085 [Test worker] INFO  com.phonebook.utils.MyListener -- ***************************************************************
12:45:56.099 [Test worker] INFO  com.phonebook.utils.MyListener -- The locator will findBy.cssSelector: .add_form__2rsm2 button
12:45:56.099 [Test worker] INFO  com.phonebook.utils.MyListener -- ***************************************************************
12:45:56.105 [Test worker] INFO  com.phonebook.utils.MyListener -- The locator isBy.cssSelector: .add_form__2rsm2 button
12:45:56.106 [Test worker] INFO  com.phonebook.utils.MyListener -- ***************************************************************
12:45:56.132 [Test worker] INFO  com.phonebook.utils.MyListener -- Before Find ElementsBy.cssSelector: h2
12:45:56.132 [Test worker] INFO  com.phonebook.utils.MyListener -- ***************************************************************
12:45:56.501 [Test worker] INFO  com.phonebook.utils.MyListener -- List size is24
12:45:56.501 [Test worker] INFO  com.phonebook.utils.MyListener -- ***************************************************************
12:45:56.511 [Test worker] INFO  com.phonebook.utils.MyListener -- The locator will findBy.cssSelector: .contact-item_card__2SOIM
12:45:56.511 [Test worker] INFO  com.phonebook.utils.MyListener -- ***************************************************************
12:45:56.518 [Test worker] INFO  com.phonebook.utils.MyListener -- The locator isBy.cssSelector: .contact-item_card__2SOIM
12:45:56.518 [Test worker] INFO  com.phonebook.utils.MyListener -- ***************************************************************
12:45:56.550 [Test worker] INFO  com.phonebook.utils.MyListener -- The locator will findBy.xpath: //button[.='Remove']
12:45:56.550 [Test worker] INFO  com.phonebook.utils.MyListener -- ***************************************************************
12:45:56.558 [Test worker] INFO  com.phonebook.utils.MyListener -- The locator isBy.xpath: //button[.='Remove']
12:45:56.558 [Test worker] INFO  com.phonebook.utils.MyListener -- ***************************************************************
12:45:56.585 [Test worker] INFO  com.phonebook.TestBase -- PASSED:addContactPositiveFromDataProviderWithCsvFileTest
12:45:56.586 [Test worker] INFO  com.phonebook.TestBase -- Stop test
12:45:56.586 [Test worker] INFO  com.phonebook.TestBase -- ======================================================
12:45:56.587 [Test worker] INFO  com.phonebook.TestBase -- Start testaddContactPositiveTest[]
12:45:56.587 [Test worker] INFO  com.phonebook.utils.MyListener -- Before Find ElementsBy.cssSelector: [href='/login']
12:45:56.587 [Test worker] INFO  com.phonebook.utils.MyListener -- ***************************************************************
12:46:06.617 [Test worker] INFO  com.phonebook.utils.MyListener -- List size is0
12:46:06.617 [Test worker] INFO  com.phonebook.utils.MyListener -- ***************************************************************
12:46:06.617 [Test worker] INFO  com.phonebook.utils.MyListener -- The locator will findBy.xpath: //button[.='Sign Out']
12:46:06.617 [Test worker] INFO  com.phonebook.utils.MyListener -- ***************************************************************
12:46:06.625 [Test worker] INFO  com.phonebook.utils.MyListener -- The locator isBy.xpath: //button[.='Sign Out']
12:46:06.625 [Test worker] INFO  com.phonebook.utils.MyListener -- ***************************************************************
12:46:06.662 [Test worker] INFO  com.phonebook.utils.MyListener -- The locator will findBy.cssSelector: [href='/login']
12:46:06.662 [Test worker] INFO  com.phonebook.utils.MyListener -- ***************************************************************
12:46:06.675 [Test worker] INFO  com.phonebook.utils.MyListener -- The locator isBy.cssSelector: [href='/login']
12:46:06.675 [Test worker] INFO  com.phonebook.utils.MyListener -- ***************************************************************
12:46:06.703 [Test worker] INFO  com.phonebook.utils.MyListener -- The locator will findBy.name: email
12:46:06.703 [Test worker] INFO  com.phonebook.utils.MyListener -- ***************************************************************
12:46:06.711 [Test worker] INFO  com.phonebook.utils.MyListener -- The locator isBy.name: email
12:46:06.711 [Test worker] INFO  com.phonebook.utils.MyListener -- ***************************************************************
12:46:06.741 [Test worker] INFO  com.phonebook.utils.MyListener -- The locator will findBy.name: email
12:46:06.741 [Test worker] INFO  com.phonebook.utils.MyListener -- ***************************************************************
12:46:06.747 [Test worker] INFO  com.phonebook.utils.MyListener -- The locator isBy.name: email
12:46:06.747 [Test worker] INFO  com.phonebook.utils.MyListener -- ***************************************************************
12:46:06.761 [Test worker] INFO  com.phonebook.utils.MyListener -- The locator will findBy.name: email
12:46:06.761 [Test worker] INFO  com.phonebook.utils.MyListener -- ***************************************************************
12:46:06.768 [Test worker] INFO  com.phonebook.utils.MyListener -- The locator isBy.name: email
12:46:06.769 [Test worker] INFO  com.phonebook.utils.MyListener -- ***************************************************************
12:46:06.786 [Test worker] INFO  com.phonebook.utils.MyListener -- The locator will findBy.name: password
12:46:06.786 [Test worker] INFO  com.phonebook.utils.MyListener -- ***************************************************************
12:46:06.793 [Test worker] INFO  com.phonebook.utils.MyListener -- The locator isBy.name: password
12:46:06.793 [Test worker] INFO  com.phonebook.utils.MyListener -- ***************************************************************
12:46:06.820 [Test worker] INFO  com.phonebook.utils.MyListener -- The locator will findBy.name: password
12:46:06.820 [Test worker] INFO  com.phonebook.utils.MyListener -- ***************************************************************
12:46:06.827 [Test worker] INFO  com.phonebook.utils.MyListener -- The locator isBy.name: password
12:46:06.827 [Test worker] INFO  com.phonebook.utils.MyListener -- ***************************************************************
12:46:06.839 [Test worker] INFO  com.phonebook.utils.MyListener -- The locator will findBy.name: password
12:46:06.839 [Test worker] INFO  com.phonebook.utils.MyListener -- ***************************************************************
12:46:06.846 [Test worker] INFO  com.phonebook.utils.MyListener -- The locator isBy.name: password
12:46:06.846 [Test worker] INFO  com.phonebook.utils.MyListener -- ***************************************************************
12:46:06.863 [Test worker] INFO  com.phonebook.utils.MyListener -- The locator will findBy.name: login
12:46:06.864 [Test worker] INFO  com.phonebook.utils.MyListener -- ***************************************************************
12:46:06.871 [Test worker] INFO  com.phonebook.utils.MyListener -- The locator isBy.name: login
12:46:06.871 [Test worker] INFO  com.phonebook.utils.MyListener -- ***************************************************************
12:46:06.895 [Test worker] INFO  com.phonebook.utils.MyListener -- The locator will findBy.cssSelector: [href='/add']
12:46:06.895 [Test worker] INFO  com.phonebook.utils.MyListener -- ***************************************************************
12:46:07.149 [Test worker] INFO  com.phonebook.utils.MyListener -- The locator isBy.cssSelector: [href='/add']
12:46:07.149 [Test worker] INFO  com.phonebook.utils.MyListener -- ***************************************************************
12:46:07.176 [Test worker] INFO  com.phonebook.utils.MyListener -- The locator will findBy.cssSelector: input:nth-child(1)
12:46:07.176 [Test worker] INFO  com.phonebook.utils.MyListener -- ***************************************************************
12:46:07.198 [Test worker] INFO  com.phonebook.utils.MyListener -- The locator isBy.cssSelector: input:nth-child(1)
12:46:07.199 [Test worker] INFO  com.phonebook.utils.MyListener -- ***************************************************************
12:46:07.228 [Test worker] INFO  com.phonebook.utils.MyListener -- The locator will findBy.cssSelector: input:nth-child(1)
12:46:07.228 [Test worker] INFO  com.phonebook.utils.MyListener -- ***************************************************************
12:46:07.235 [Test worker] INFO  com.phonebook.utils.MyListener -- The locator isBy.cssSelector: input:nth-child(1)
12:46:07.235 [Test worker] INFO  com.phonebook.utils.MyListener -- ***************************************************************
12:46:07.248 [Test worker] INFO  com.phonebook.utils.MyListener -- The locator will findBy.cssSelector: input:nth-child(1)
12:46:07.248 [Test worker] INFO  com.phonebook.utils.MyListener -- ***************************************************************
12:46:07.255 [Test worker] INFO  com.phonebook.utils.MyListener -- The locator isBy.cssSelector: input:nth-child(1)
12:46:07.255 [Test worker] INFO  com.phonebook.utils.MyListener -- ***************************************************************
12:46:07.269 [Test worker] INFO  com.phonebook.utils.MyListener -- The locator will findBy.cssSelector: input:nth-child(2)
12:46:07.270 [Test worker] INFO  com.phonebook.utils.MyListener -- ***************************************************************
12:46:07.277 [Test worker] INFO  com.phonebook.utils.MyListener -- The locator isBy.cssSelector: input:nth-child(2)
12:46:07.277 [Test worker] INFO  com.phonebook.utils.MyListener -- ***************************************************************
12:46:07.305 [Test worker] INFO  com.phonebook.utils.MyListener -- The locator will findBy.cssSelector: input:nth-child(2)
12:46:07.305 [Test worker] INFO  com.phonebook.utils.MyListener -- ***************************************************************
12:46:07.313 [Test worker] INFO  com.phonebook.utils.MyListener -- The locator isBy.cssSelector: input:nth-child(2)
12:46:07.313 [Test worker] INFO  com.phonebook.utils.MyListener -- ***************************************************************
12:46:07.325 [Test worker] INFO  com.phonebook.utils.MyListener -- The locator will findBy.cssSelector: input:nth-child(2)
12:46:07.325 [Test worker] INFO  com.phonebook.utils.MyListener -- ***************************************************************
12:46:07.332 [Test worker] INFO  com.phonebook.utils.MyListener -- The locator isBy.cssSelector: input:nth-child(2)
12:46:07.332 [Test worker] INFO  com.phonebook.utils.MyListener -- ***************************************************************
12:46:07.346 [Test worker] INFO  com.phonebook.utils.MyListener -- The locator will findBy.cssSelector: input:nth-child(3)
12:46:07.346 [Test worker] INFO  com.phonebook.utils.MyListener -- ***************************************************************
12:46:07.353 [Test worker] INFO  com.phonebook.utils.MyListener -- The locator isBy.cssSelector: input:nth-child(3)
12:46:07.353 [Test worker] INFO  com.phonebook.utils.MyListener -- ***************************************************************
12:46:07.384 [Test worker] INFO  com.phonebook.utils.MyListener -- The locator will findBy.cssSelector: input:nth-child(3)
12:46:07.384 [Test worker] INFO  com.phonebook.utils.MyListener -- ***************************************************************
12:46:07.390 [Test worker] INFO  com.phonebook.utils.MyListener -- The locator isBy.cssSelector: input:nth-child(3)
12:46:07.390 [Test worker] INFO  com.phonebook.utils.MyListener -- ***************************************************************
12:46:07.405 [Test worker] INFO  com.phonebook.utils.MyListener -- The locator will findBy.cssSelector: input:nth-child(3)
12:46:07.405 [Test worker] INFO  com.phonebook.utils.MyListener -- ***************************************************************
12:46:07.411 [Test worker] INFO  com.phonebook.utils.MyListener -- The locator isBy.cssSelector: input:nth-child(3)
12:46:07.411 [Test worker] INFO  com.phonebook.utils.MyListener -- ***************************************************************
12:46:07.427 [Test worker] INFO  com.phonebook.utils.MyListener -- The locator will findBy.cssSelector: input:nth-child(4)
12:46:07.428 [Test worker] INFO  com.phonebook.utils.MyListener -- ***************************************************************
12:46:07.435 [Test worker] INFO  com.phonebook.utils.MyListener -- The locator isBy.cssSelector: input:nth-child(4)
12:46:07.435 [Test worker] INFO  com.phonebook.utils.MyListener -- ***************************************************************
12:46:07.463 [Test worker] INFO  com.phonebook.utils.MyListener -- The locator will findBy.cssSelector: input:nth-child(4)
12:46:07.463 [Test worker] INFO  com.phonebook.utils.MyListener -- ***************************************************************
12:46:07.471 [Test worker] INFO  com.phonebook.utils.MyListener -- The locator isBy.cssSelector: input:nth-child(4)
12:46:07.471 [Test worker] INFO  com.phonebook.utils.MyListener -- ***************************************************************
12:46:07.485 [Test worker] INFO  com.phonebook.utils.MyListener -- The locator will findBy.cssSelector: input:nth-child(4)
12:46:07.485 [Test worker] INFO  com.phonebook.utils.MyListener -- ***************************************************************
12:46:07.491 [Test worker] INFO  com.phonebook.utils.MyListener -- The locator isBy.cssSelector: input:nth-child(4)
12:46:07.491 [Test worker] INFO  com.phonebook.utils.MyListener -- ***************************************************************
12:46:07.509 [Test worker] INFO  com.phonebook.utils.MyListener -- The locator will findBy.cssSelector: input:nth-child(5)
12:46:07.509 [Test worker] INFO  com.phonebook.utils.MyListener -- ***************************************************************
12:46:07.516 [Test worker] INFO  com.phonebook.utils.MyListener -- The locator isBy.cssSelector: input:nth-child(5)
12:46:07.516 [Test worker] INFO  com.phonebook.utils.MyListener -- ***************************************************************
12:46:07.543 [Test worker] INFO  com.phonebook.utils.MyListener -- The locator will findBy.cssSelector: input:nth-child(5)
12:46:07.543 [Test worker] INFO  com.phonebook.utils.MyListener -- ***************************************************************
12:46:07.549 [Test worker] INFO  com.phonebook.utils.MyListener -- The locator isBy.cssSelector: input:nth-child(5)
12:46:07.549 [Test worker] INFO  com.phonebook.utils.MyListener -- ***************************************************************
12:46:07.565 [Test worker] INFO  com.phonebook.utils.MyListener -- The locator will findBy.cssSelector: input:nth-child(5)
12:46:07.565 [Test worker] INFO  com.phonebook.utils.MyListener -- ***************************************************************
12:46:07.571 [Test worker] INFO  com.phonebook.utils.MyListener -- The locator isBy.cssSelector: input:nth-child(5)
12:46:07.571 [Test worker] INFO  com.phonebook.utils.MyListener -- ***************************************************************
12:46:07.586 [Test worker] INFO  com.phonebook.utils.MyListener -- The locator will findBy.cssSelector: input:nth-child(6)
12:46:07.586 [Test worker] INFO  com.phonebook.utils.MyListener -- ***************************************************************
12:46:07.593 [Test worker] INFO  com.phonebook.utils.MyListener -- The locator isBy.cssSelector: input:nth-child(6)
12:46:07.593 [Test worker] INFO  com.phonebook.utils.MyListener -- ***************************************************************
12:46:07.620 [Test worker] INFO  com.phonebook.utils.MyListener -- The locator will findBy.cssSelector: input:nth-child(6)
12:46:07.620 [Test worker] INFO  com.phonebook.utils.MyListener -- ***************************************************************
12:46:07.629 [Test worker] INFO  com.phonebook.utils.MyListener -- The locator isBy.cssSelector: input:nth-child(6)
12:46:07.629 [Test worker] INFO  com.phonebook.utils.MyListener -- ***************************************************************
12:46:07.644 [Test worker] INFO  com.phonebook.utils.MyListener -- The locator will findBy.cssSelector: input:nth-child(6)
12:46:07.644 [Test worker] INFO  com.phonebook.utils.MyListener -- ***************************************************************
12:46:07.651 [Test worker] INFO  com.phonebook.utils.MyListener -- The locator isBy.cssSelector: input:nth-child(6)
12:46:07.651 [Test worker] INFO  com.phonebook.utils.MyListener -- ***************************************************************
12:46:07.665 [Test worker] INFO  com.phonebook.utils.MyListener -- The locator will findBy.cssSelector: .add_form__2rsm2 button
12:46:07.665 [Test worker] INFO  com.phonebook.utils.MyListener -- ***************************************************************
12:46:07.673 [Test worker] INFO  com.phonebook.utils.MyListener -- The locator isBy.cssSelector: .add_form__2rsm2 button
12:46:07.673 [Test worker] INFO  com.phonebook.utils.MyListener -- ***************************************************************
12:46:07.702 [Test worker] INFO  com.phonebook.utils.MyListener -- Before Find ElementsBy.cssSelector: h2
12:46:07.702 [Test worker] INFO  com.phonebook.utils.MyListener -- ***************************************************************
12:46:08.062 [Test worker] INFO  com.phonebook.utils.MyListener -- List size is24
12:46:08.063 [Test worker] INFO  com.phonebook.utils.MyListener -- ***************************************************************
12:46:08.110 [Test worker] INFO  com.phonebook.utils.MyListener -- The locator will findBy.cssSelector: .contact-item_card__2SOIM
12:46:08.110 [Test worker] INFO  com.phonebook.utils.MyListener -- ***************************************************************
12:46:08.118 [Test worker] INFO  com.phonebook.utils.MyListener -- The locator isBy.cssSelector: .contact-item_card__2SOIM
12:46:08.118 [Test worker] INFO  com.phonebook.utils.MyListener -- ***************************************************************
12:46:08.157 [Test worker] INFO  com.phonebook.utils.MyListener -- The locator will findBy.xpath: //button[.='Remove']
12:46:08.157 [Test worker] INFO  com.phonebook.utils.MyListener -- ***************************************************************
12:46:08.165 [Test worker] INFO  com.phonebook.utils.MyListener -- The locator isBy.xpath: //button[.='Remove']
12:46:08.165 [Test worker] INFO  com.phonebook.utils.MyListener -- ***************************************************************
12:46:08.196 [Test worker] INFO  com.phonebook.TestBase -- PASSED:addContactPositiveTest
12:46:08.196 [Test worker] INFO  com.phonebook.TestBase -- Stop test
12:46:08.196 [Test worker] INFO  com.phonebook.TestBase -- ======================================================
]]></system-out>
  <system-err><![CDATA[]]></system-err>
</testsuite>
